-- 2024-10-26 06:39:42.7147
TablePlus Windows 6.1.4(284)
-- 2024-10-26 06:39:43.1178
Credential file does not exist
-- 2024-10-26 06:39:43.1970
Startup
-- 2024-10-26 06:39:43.6709
Connection groups file not found
-- 2024-10-26 06:39:43.6768
Connections file not found
-- 2024-10-26 07:01:45.1888
TablePlus Windows 6.1.4(284)
-- 2024-10-26 07:01:45.5140
Credential file does not exist
-- 2024-10-26 07:01:45.5300
Startup
-- 2024-10-26 07:01:45.9045
Connection groups file not found
-- 2024-10-26 07:01:45.9114
Connections file not found
-- 2024-10-26 07:01:50.5576
Credential file does not exist
-- 2024-10-26 07:01:50.5646
Credential file is empty
-- 2024-10-26 07:31:31.6140
TablePlus Windows 6.1.4(284)
-- 2024-10-26 07:31:31.9314
Credential file does not exist
-- 2024-10-26 07:31:31.9463
Startup
-- 2024-10-26 07:31:32.2303
Connection groups file not found
-- 2024-10-26 07:31:32.2363
Connections file not found
-- 2024-10-26 07:31:35.3483
Credential file does not exist
-- 2024-10-26 07:31:35.3542
Credential file is empty
-- 2024-10-26 07:34:05.2682
Credential file does not exist
-- 2024-10-26 07:34:05.2742
Credential file is empty
-- 2024-10-26 07:34:05.2852
Error while getting credential - Code: ERROR_NOT_FOUND
-- 2024-10-26 07:34:05.2912
File master is empty and the master key is empty -> Create new one
-- 2024-10-26 07:34:05.3132
Create a new credential password successfully!
-- 2024-10-26 07:34:05.3192
Getting credential password successfully
-- 2024-10-26 07:34:05.4913
Connection groups file not found
-- 2024-10-26 07:34:08.4100
Getting credential password successfully
-- 2024-10-26 07:34:08.5740
Getting credential password successfully
-- 2024-10-26 07:34:08.7794
MySQL
-- 2024-10-26 08:48:09.0577
Connection groups file not found
-- 2024-10-27 03:43:42.2473
TablePlus Windows 6.1.4(284)
-- 2024-10-27 03:43:42.5796
Getting credential password successfully
-- 2024-10-27 03:43:42.7355
Startup
-- 2024-10-27 03:43:43.0446
Connection groups file not found
-- 2024-10-27 03:43:46.0560
Getting credential password successfully
-- 2024-10-27 03:43:46.2259
Getting credential password successfully
-- 2024-10-27 03:43:46.5812
MySQL
-- 2024-10-27 06:04:20.6342
Connection groups file not found
-- 2024-10-27 06:19:20.2242
TablePlus Windows 6.1.4(284)
-- 2024-10-27 06:19:20.5514
Getting credential password successfully
-- 2024-10-27 06:19:20.7131
Startup
-- 2024-10-27 06:19:21.0249
Connection groups file not found
-- 2024-10-27 06:19:23.1359
Getting credential password successfully
-- 2024-10-27 06:19:23.3147
Getting credential password successfully
-- 2024-10-27 06:19:23.5272
MySQL
-- 2024-10-29 07:10:54.3645
TablePlus Windows 6.1.4(284)
-- 2024-10-29 07:10:54.6894
Getting credential password successfully
-- 2024-10-29 07:10:54.8409
Startup
-- 2024-10-29 07:10:55.1612
Connection groups file not found
-- 2024-10-29 07:10:58.3865
Getting credential password successfully
-- 2024-10-29 07:10:58.5644
Getting credential password successfully
-- 2024-10-29 07:10:58.9393
MySQL
-- 2024-10-30 12:12:19.3094
Connection groups file not found
-- 2024-10-31 07:11:23.3654
TablePlus Windows 6.1.4(284)
-- 2024-10-31 07:11:23.7054
Getting credential password successfully
-- 2024-10-31 07:11:23.8570
Startup
-- 2024-10-31 07:11:24.1707
Connection groups file not found
-- 2024-10-31 07:11:27.0597
Getting credential password successfully
-- 2024-10-31 07:11:27.2302
Getting credential password successfully
-- 2024-10-31 07:11:27.6168
MySQL
-- 2024-10-31 07:23:58.4519
Connection groups file not found
-- 2024-10-31 07:25:04.0658
Connection groups file not found
-- 2024-10-31 11:45:40.4455
Open Purchase
-- 2024-11-01 12:41:38.5058
Connection groups file not found
-- 2024-11-01 08:43:39.1980
TablePlus Windows 6.1.4(284)
-- 2024-11-01 08:43:39.5052
Getting credential password successfully
-- 2024-11-01 08:43:39.6608
Startup
-- 2024-11-01 08:43:39.9929
Connection groups file not found
-- 2024-11-01 08:43:43.5533
Getting credential password successfully
-- 2024-11-01 08:43:43.7378
Getting credential password successfully
-- 2024-11-01 08:43:44.1252
MySQL
-- 2024-11-01 05:07:45.4943
Connection groups file not found
-- 2024-11-05 11:51:40.8043
TablePlus Windows 6.1.4(284)
-- 2024-11-05 11:51:41.1247
Getting credential password successfully
-- 2024-11-05 11:51:41.2737
Startup
-- 2024-11-05 11:51:41.5825
Connection groups file not found
-- 2024-11-05 11:57:38.1183
Getting credential password successfully
-- 2024-11-05 11:57:38.2889
Getting credential password successfully
-- 2024-11-05 11:57:38.6621
MySQL
-- 2024-11-05 12:09:31.3411
Getting credential password successfully
-- 2024-11-05 12:09:31.4867
Getting credential password successfully
-- 2024-11-05 12:09:31.6552
MySQL
-- 2024-11-05 12:38:54.2092
Connection groups file not found
-- 2024-11-05 12:40:31.9118
TablePlus Windows 6.1.4(284)
-- 2024-11-05 12:40:32.2263
Getting credential password successfully
-- 2024-11-05 12:40:32.3848
Startup
-- 2024-11-05 12:40:32.6928
Connection groups file not found
-- 2024-11-05 12:40:38.2930
Getting credential password successfully
-- 2024-11-05 12:40:38.4642
Getting credential password successfully
-- 2024-11-05 12:40:38.6742
MySQL
-- 2024-11-05 12:40:43.5519
Connection groups file not found
-- 2024-11-05 12:40:46.0926
Getting credential password successfully
-- 2024-11-05 12:40:46.2384
Getting credential password successfully
-- 2024-11-05 12:40:46.4005
MySQL
